[2025-09-15T23:02:07.774+0000] {logging_mixin.py:150} WARNING - /home/***/.local/lib/python3.7/site-packages/***/utils/sqlalchemy.py:124 DeprecationWarning: The sql_alchemy_conn option in [core] has been moved to the sql_alchemy_conn option in [database] - the old setting has been used, but please update your config.
[2025-09-15T23:02:07.799+0000] {taskinstance.py:1103} INFO - Dependencies all met for dep_context=non-requeueable deps ti=<TaskInstance: dds_to_clickhouse_enhanced.load_daily_business_summary scheduled__2025-09-14T00:00:00+00:00 [queued]>
[2025-09-15T23:02:07.820+0000] {taskinstance.py:1103} INFO - Dependencies all met for dep_context=requeueable deps ti=<TaskInstance: dds_to_clickhouse_enhanced.load_daily_business_summary scheduled__2025-09-14T00:00:00+00:00 [queued]>
[2025-09-15T23:02:07.821+0000] {taskinstance.py:1308} INFO - Starting attempt 8 of 9
[2025-09-15T23:02:07.867+0000] {taskinstance.py:1327} INFO - Executing <Task(PythonOperator): load_daily_business_summary> on 2025-09-14 00:00:00+00:00
[2025-09-15T23:02:07.896+0000] {standard_task_runner.py:57} INFO - Started process 373 to run task
[2025-09-15T23:02:07.899+0000] {standard_task_runner.py:84} INFO - Running: ['***', 'tasks', 'run', 'dds_to_clickhouse_enhanced', 'load_daily_business_summary', 'scheduled__2025-09-14T00:00:00+00:00', '--job-id', '511', '--raw', '--subdir', 'DAGS_FOLDER/dds_to_clickhouse.py', '--cfg-path', '/tmp/tmp3vapepi5']
[2025-09-15T23:02:07.902+0000] {standard_task_runner.py:85} INFO - Job 511: Subtask load_daily_business_summary
[2025-09-15T23:02:07.938+0000] {logging_mixin.py:150} WARNING - /home/***/.local/lib/python3.7/site-packages/***/settings.py:195 DeprecationWarning: The sql_alchemy_conn option in [core] has been moved to the sql_alchemy_conn option in [database] - the old setting has been used, but please update your config.
[2025-09-15T23:02:08.030+0000] {task_command.py:410} INFO - Running <TaskInstance: dds_to_clickhouse_enhanced.load_daily_business_summary scheduled__2025-09-14T00:00:00+00:00 [running]> on host 71d7292233fc
[2025-09-15T23:02:08.062+0000] {logging_mixin.py:150} WARNING - /home/***/.local/lib/python3.7/site-packages/***/utils/sqlalchemy.py:124 DeprecationWarning: The sql_alchemy_conn option in [core] has been moved to the sql_alchemy_conn option in [database] - the old setting has been used, but please update your config.
[2025-09-15T23:02:08.229+0000] {taskinstance.py:1547} INFO - Exporting env vars: AIRFLOW_CTX_DAG_OWNER='***' AIRFLOW_CTX_DAG_ID='dds_to_clickhouse_enhanced' AIRFLOW_CTX_TASK_ID='load_daily_business_summary' AIRFLOW_CTX_EXECUTION_DATE='2025-09-14T00:00:00+00:00' AIRFLOW_CTX_TRY_NUMBER='8' AIRFLOW_CTX_DAG_RUN_ID='scheduled__2025-09-14T00:00:00+00:00'
[2025-09-15T23:02:08.267+0000] {taskinstance.py:1824} ERROR - Task failed with exception
Traceback (most recent call last):
  File "/home/airflow/.local/lib/python3.7/site-packages/sqlalchemy/engine/base.py", line 1911, in _execute_context
    cursor, statement, parameters, context
  File "/home/airflow/.local/lib/python3.7/site-packages/sqlalchemy/engine/default.py", line 736, in do_execute
    cursor.execute(statement, parameters)
psycopg2.errors.UndefinedFunction: operator does not exist: text = bigint
LINE 18:         LEFT JOIN dds.sessions s ON o.user_id = s.user_id
                                                       ^
HINT:  No operator matches the given name and argument types. You might need to add explicit type casts.


The above exception was the direct cause of the following exception:

Traceback (most recent call last):
  File "/home/airflow/.local/lib/python3.7/site-packages/airflow/operators/python.py", line 181, in execute
    return_value = self.execute_callable()
  File "/home/airflow/.local/lib/python3.7/site-packages/airflow/operators/python.py", line 198, in execute_callable
    return self.python_callable(*self.op_args, **self.op_kwargs)
  File "/opt/airflow/dags/dds_to_clickhouse.py", line 78, in load_daily_business_summary
    df = pd.read_sql(query, pg_engine)
  File "/home/airflow/.local/lib/python3.7/site-packages/pandas/io/sql.py", line 634, in read_sql
    chunksize=chunksize,
  File "/home/airflow/.local/lib/python3.7/site-packages/pandas/io/sql.py", line 1579, in read_query
    result = self.execute(*args)
  File "/home/airflow/.local/lib/python3.7/site-packages/pandas/io/sql.py", line 1424, in execute
    return self.connectable.execution_options().execute(*args, **kwargs)
  File "<string>", line 2, in execute
  File "/home/airflow/.local/lib/python3.7/site-packages/sqlalchemy/util/deprecations.py", line 468, in warned
    return fn(*args, **kwargs)
  File "/home/airflow/.local/lib/python3.7/site-packages/sqlalchemy/engine/base.py", line 3267, in execute
    return connection.execute(statement, *multiparams, **params)
  File "/home/airflow/.local/lib/python3.7/site-packages/sqlalchemy/engine/base.py", line 1375, in execute
    future=False,
  File "/home/airflow/.local/lib/python3.7/site-packages/sqlalchemy/engine/base.py", line 1681, in _exec_driver_sql
    distilled_parameters,
  File "/home/airflow/.local/lib/python3.7/site-packages/sqlalchemy/engine/base.py", line 1954, in _execute_context
    e, statement, parameters, cursor, context
  File "/home/airflow/.local/lib/python3.7/site-packages/sqlalchemy/engine/base.py", line 2135, in _handle_dbapi_exception
    sqlalchemy_exception, with_traceback=exc_info[2], from_=e
  File "/home/airflow/.local/lib/python3.7/site-packages/sqlalchemy/util/compat.py", line 211, in raise_
    raise exception
  File "/home/airflow/.local/lib/python3.7/site-packages/sqlalchemy/engine/base.py", line 1911, in _execute_context
    cursor, statement, parameters, context
  File "/home/airflow/.local/lib/python3.7/site-packages/sqlalchemy/engine/default.py", line 736, in do_execute
    cursor.execute(statement, parameters)
sqlalchemy.exc.ProgrammingError: (psycopg2.errors.UndefinedFunction) operator does not exist: text = bigint
LINE 18:         LEFT JOIN dds.sessions s ON o.user_id = s.user_id
                                                       ^
HINT:  No operator matches the given name and argument types. You might need to add explicit type casts.

[SQL: 
        SELECT 
            DATE(o.order_ts) AS event_date,
            COALESCE(SUM(oi.price_usd * oi.quantity), 0)::float AS total_revenue,
            COUNT(DISTINCT o.order_id)::integer AS total_orders,
            COUNT(DISTINCT o.user_id)::integer AS unique_customers,
            COALESCE(AVG(o.total_usd), 0)::float AS avg_order_value,
            CASE 
                WHEN COUNT(DISTINCT s.session_id) > 0 
                THEN COUNT(DISTINCT o.order_id)::float / COUNT(DISTINCT s.session_id)
                ELSE 0 
            END::float AS conversion_rate,
            COUNT(DISTINCT CASE WHEN u.birth_date >= CURRENT_DATE THEN u.user_id END)::integer AS new_users,
            COUNT(DISTINCT s.session_id)::integer AS total_sessions,
            COUNT(DISTINCT o.order_id)::integer AS successful_orders
        FROM dds.orders o
        LEFT JOIN dds.order_items oi ON o.order_id = oi.order_id
        LEFT JOIN dds.sessions s ON o.user_id = s.user_id
        LEFT JOIN dds.users u ON o.user_id = u.user_id
        GROUP BY DATE(o.order_ts)
        ORDER BY event_date DESC
    ]
(Background on this error at: https://sqlalche.me/e/14/f405)
[2025-09-15T23:02:08.311+0000] {taskinstance.py:1350} INFO - Marking task as UP_FOR_RETRY. dag_id=dds_to_clickhouse_enhanced, task_id=load_daily_business_summary, execution_date=20250914T000000, start_date=20250915T230207, end_date=20250915T230208
[2025-09-15T23:02:08.340+0000] {standard_task_runner.py:109} ERROR - Failed to execute job 511 for task load_daily_business_summary ((psycopg2.errors.UndefinedFunction) operator does not exist: text = bigint
LINE 18:         LEFT JOIN dds.sessions s ON o.user_id = s.user_id
                                                       ^
HINT:  No operator matches the given name and argument types. You might need to add explicit type casts.

[SQL: 
        SELECT 
            DATE(o.order_ts) AS event_date,
            COALESCE(SUM(oi.price_usd * oi.quantity), 0)::float AS total_revenue,
            COUNT(DISTINCT o.order_id)::integer AS total_orders,
            COUNT(DISTINCT o.user_id)::integer AS unique_customers,
            COALESCE(AVG(o.total_usd), 0)::float AS avg_order_value,
            CASE 
                WHEN COUNT(DISTINCT s.session_id) > 0 
                THEN COUNT(DISTINCT o.order_id)::float / COUNT(DISTINCT s.session_id)
                ELSE 0 
            END::float AS conversion_rate,
            COUNT(DISTINCT CASE WHEN u.birth_date >= CURRENT_DATE THEN u.user_id END)::integer AS new_users,
            COUNT(DISTINCT s.session_id)::integer AS total_sessions,
            COUNT(DISTINCT o.order_id)::integer AS successful_orders
        FROM dds.orders o
        LEFT JOIN dds.order_items oi ON o.order_id = oi.order_id
        LEFT JOIN dds.sessions s ON o.user_id = s.user_id
        LEFT JOIN dds.users u ON o.user_id = u.user_id
        GROUP BY DATE(o.order_ts)
        ORDER BY event_date DESC
    ]
(Background on this error at: https://sqlalche.me/e/14/f405); 373)
[2025-09-15T23:02:08.355+0000] {local_task_job_runner.py:225} INFO - Task exited with return code 1
[2025-09-15T23:02:08.417+0000] {taskinstance.py:2653} INFO - 0 downstream tasks scheduled from follow-on schedule check
