[2025-09-14T19:33:47.024+0000] {taskinstance.py:1103} INFO - Dependencies all met for dep_context=non-requeueable deps ti=<TaskInstance: raw_to_dds_enhanced.load_orders manual__2025-09-14T19:33:26.363734+00:00 [queued]>
[2025-09-14T19:33:47.049+0000] {taskinstance.py:1103} INFO - Dependencies all met for dep_context=requeueable deps ti=<TaskInstance: raw_to_dds_enhanced.load_orders manual__2025-09-14T19:33:26.363734+00:00 [queued]>
[2025-09-14T19:33:47.066+0000] {taskinstance.py:1308} INFO - Starting attempt 1 of 3
[2025-09-14T19:33:47.178+0000] {taskinstance.py:1327} INFO - Executing <Task(PythonOperator): load_orders> on 2025-09-14 19:33:26.363734+00:00
[2025-09-14T19:33:47.844+0000] {standard_task_runner.py:57} INFO - Started process 10732 to run task
[2025-09-14T19:33:47.855+0000] {standard_task_runner.py:84} INFO - Running: ['***', 'tasks', 'run', 'raw_to_dds_enhanced', 'load_orders', 'manual__2025-09-14T19:33:26.363734+00:00', '--job-id', '208', '--raw', '--subdir', 'DAGS_FOLDER/raw_to_dds.py', '--cfg-path', '/tmp/tmp441i0kvv']
[2025-09-14T19:33:47.860+0000] {standard_task_runner.py:85} INFO - Job 208: Subtask load_orders
[2025-09-14T19:33:47.959+0000] {logging_mixin.py:150} WARNING - /home/***/.local/lib/python3.7/site-packages/***/settings.py:195 DeprecationWarning: The sql_alchemy_conn option in [core] has been moved to the sql_alchemy_conn option in [database] - the old setting has been used, but please update your config.
[2025-09-14T19:33:48.162+0000] {task_command.py:410} INFO - Running <TaskInstance: raw_to_dds_enhanced.load_orders manual__2025-09-14T19:33:26.363734+00:00 [running]> on host 3deaa5b4a23c
[2025-09-14T19:33:48.684+0000] {taskinstance.py:1547} INFO - Exporting env vars: AIRFLOW_CTX_DAG_OWNER='***' AIRFLOW_CTX_DAG_ID='raw_to_dds_enhanced' AIRFLOW_CTX_TASK_ID='load_orders' AIRFLOW_CTX_EXECUTION_DATE='2025-09-14T19:33:26.363734+00:00' AIRFLOW_CTX_TRY_NUMBER='1' AIRFLOW_CTX_DAG_RUN_ID='manual__2025-09-14T19:33:26.363734+00:00'
[2025-09-14T19:33:48.897+0000] {taskinstance.py:1824} ERROR - Task failed with exception
Traceback (most recent call last):
  File "/home/airflow/.local/lib/python3.7/site-packages/pandas/core/indexes/base.py", line 3361, in get_loc
    return self._engine.get_loc(casted_key)
  File "pandas/_libs/index.pyx", line 76, in pandas._libs.index.IndexEngine.get_loc
  File "pandas/_libs/index.pyx", line 108, in pandas._libs.index.IndexEngine.get_loc
  File "pandas/_libs/hashtable_class_helper.pxi", line 5198, in pandas._libs.hashtable.PyObjectHashTable.get_item
  File "pandas/_libs/hashtable_class_helper.pxi", line 5206, in pandas._libs.hashtable.PyObjectHashTable.get_item
KeyError: 'cost_usd'

The above exception was the direct cause of the following exception:

Traceback (most recent call last):
  File "/home/airflow/.local/lib/python3.7/site-packages/airflow/operators/python.py", line 181, in execute
    return_value = self.execute_callable()
  File "/home/airflow/.local/lib/python3.7/site-packages/airflow/operators/python.py", line 198, in execute_callable
    return self.python_callable(*self.op_args, **self.op_kwargs)
  File "/opt/airflow/dags/raw_to_dds.py", line 192, in load_orders_from_events
    row["order_id"], row["product_id"], row["quantity"], row["cost_usd"]
  File "/home/airflow/.local/lib/python3.7/site-packages/pandas/core/series.py", line 942, in __getitem__
    return self._get_value(key)
  File "/home/airflow/.local/lib/python3.7/site-packages/pandas/core/series.py", line 1051, in _get_value
    loc = self.index.get_loc(label)
  File "/home/airflow/.local/lib/python3.7/site-packages/pandas/core/indexes/base.py", line 3363, in get_loc
    raise KeyError(key) from err
KeyError: 'cost_usd'
[2025-09-14T19:33:48.998+0000] {taskinstance.py:1350} INFO - Marking task as UP_FOR_RETRY. dag_id=raw_to_dds_enhanced, task_id=load_orders, execution_date=20250914T193326, start_date=20250914T193347, end_date=20250914T193348
[2025-09-14T19:33:49.034+0000] {standard_task_runner.py:109} ERROR - Failed to execute job 208 for task load_orders ('cost_usd'; 10732)
[2025-09-14T19:33:49.089+0000] {local_task_job_runner.py:225} INFO - Task exited with return code 1
[2025-09-14T19:33:49.139+0000] {taskinstance.py:2653} INFO - 0 downstream tasks scheduled from follow-on schedule check
