[2025-09-14T12:31:05.151+0000] {taskinstance.py:1103} INFO - Dependencies all met for dep_context=non-requeueable deps ti=<TaskInstance: raw_to_dds_enhanced.load_events manual__2025-09-14T12:09:17.333529+00:00 [queued]>
[2025-09-14T12:31:05.196+0000] {taskinstance.py:1103} INFO - Dependencies all met for dep_context=requeueable deps ti=<TaskInstance: raw_to_dds_enhanced.load_events manual__2025-09-14T12:09:17.333529+00:00 [queued]>
[2025-09-14T12:31:05.197+0000] {taskinstance.py:1308} INFO - Starting attempt 4 of 6
[2025-09-14T12:31:05.250+0000] {taskinstance.py:1327} INFO - Executing <Task(PythonOperator): load_events> on 2025-09-14 12:09:17.333529+00:00
[2025-09-14T12:31:05.268+0000] {standard_task_runner.py:57} INFO - Started process 4704 to run task
[2025-09-14T12:31:05.283+0000] {standard_task_runner.py:84} INFO - Running: ['***', 'tasks', 'run', 'raw_to_dds_enhanced', 'load_events', 'manual__2025-09-14T12:09:17.333529+00:00', '--job-id', '95', '--raw', '--subdir', 'DAGS_FOLDER/raw_to_dds.py', '--cfg-path', '/tmp/tmp_tq5vjz2']
[2025-09-14T12:31:05.293+0000] {standard_task_runner.py:85} INFO - Job 95: Subtask load_events
[2025-09-14T12:31:05.349+0000] {logging_mixin.py:150} WARNING - /home/***/.local/lib/python3.7/site-packages/***/settings.py:195 DeprecationWarning: The sql_alchemy_conn option in [core] has been moved to the sql_alchemy_conn option in [database] - the old setting has been used, but please update your config.
[2025-09-14T12:31:05.495+0000] {task_command.py:410} INFO - Running <TaskInstance: raw_to_dds_enhanced.load_events manual__2025-09-14T12:09:17.333529+00:00 [running]> on host 3deaa5b4a23c
[2025-09-14T12:31:05.932+0000] {taskinstance.py:1547} INFO - Exporting env vars: AIRFLOW_CTX_DAG_OWNER='***' AIRFLOW_CTX_DAG_ID='raw_to_dds_enhanced' AIRFLOW_CTX_TASK_ID='load_events' AIRFLOW_CTX_EXECUTION_DATE='2025-09-14T12:09:17.333529+00:00' AIRFLOW_CTX_TRY_NUMBER='4' AIRFLOW_CTX_DAG_RUN_ID='manual__2025-09-14T12:09:17.333529+00:00'
[2025-09-14T12:31:06.109+0000] {dags_utils.py:33} WARNING - ❌ Отброшена строка {'event_id': 1, 'user_id': '1889', 'session_id': '1c332c00-4ed5-4484-b9e6-fbcc75f20e36', 'event_type': 'session_start', 'product_id': nan, 'order_id': None, 'quantity': nan, 'city': 'Weddell Sea', 'country': None, 'lat': -76.118308, 'lon': -29.152568, 'cost_usd': 648.43, 'cost_eur': 552.8, 'cost_rub': 54523.56, 'weather_temp': -18.79, 'weather_desc': 'overcast clouds', 'timestamp': Timestamp('2025-09-13 22:14:55.733938')} → 2 validation errors for EventModel
product_id
  value is not a valid integer (type=type_error.integer)
quantity
  value is not a valid integer (type=type_error.integer)
[2025-09-14T12:31:06.116+0000] {dags_utils.py:33} WARNING - ❌ Отброшена строка {'event_id': 3, 'user_id': '4567', 'session_id': '9edfebd0-21c3-46b3-9458-06c4588531a0', 'event_type': 'view_product', 'product_id': 269.0, 'order_id': None, 'quantity': nan, 'city': 'Indian Ocean', 'country': None, 'lat': -34.283125, 'lon': 30.289944, 'cost_usd': 755.53, 'cost_eur': 644.15, 'cost_rub': 63545.22, 'weather_temp': 17.44, 'weather_desc': 'clear sky', 'timestamp': Timestamp('2025-09-14 11:58:11.727564')} → 1 validation error for EventModel
quantity
  value is not a valid integer (type=type_error.integer)
[2025-09-14T12:31:06.120+0000] {dags_utils.py:33} WARNING - ❌ Отброшена строка {'event_id': 5, 'user_id': '791', 'session_id': 'c871b5ac-975b-4183-bfb8-3f448ed77c68', 'event_type': 'view_product', 'product_id': 464.0, 'order_id': None, 'quantity': nan, 'city': 'South Pacific Ocean', 'country': None, 'lat': -15.973097, 'lon': -104.363599, 'cost_usd': 49.87, 'cost_eur': 42.52, 'cost_rub': 4194.41, 'weather_temp': 20.76, 'weather_desc': 'overcast clouds', 'timestamp': Timestamp('2025-09-14 12:05:54.924139')} → 1 validation error for EventModel
quantity
  value is not a valid integer (type=type_error.integer)
[2025-09-14T12:31:06.122+0000] {dags_utils.py:33} WARNING - ❌ Отброшена строка {'event_id': 6, 'user_id': '791', 'session_id': 'bdac6a8d-6f60-46fe-b635-b9901878e59c', 'event_type': 'session_start', 'product_id': nan, 'order_id': None, 'quantity': nan, 'city': 'South Atlantic Ocean', 'country': None, 'lat': -15.8463625, 'lon': 0.519776, 'cost_usd': 335.42, 'cost_eur': 285.97, 'cost_rub': 28211.11, 'weather_temp': 18.05, 'weather_desc': 'clear sky', 'timestamp': Timestamp('2025-09-14 12:05:56.533828')} → 2 validation errors for EventModel
product_id
  value is not a valid integer (type=type_error.integer)
quantity
  value is not a valid integer (type=type_error.integer)
[2025-09-14T12:31:06.127+0000] {dags_utils.py:33} WARNING - ❌ Отброшена строка {'event_id': 7, 'user_id': '1280', 'session_id': '18731179-fac5-446c-819e-f76c1ee23af8', 'event_type': 'session_start', 'product_id': nan, 'order_id': None, 'quantity': nan, 'city': '822-9 下古沢', 'country': 'Japan', 'lat': 35.4574915, 'lon': 139.31487, 'cost_usd': 51.46, 'cost_eur': 43.87, 'cost_rub': 4328.14, 'weather_temp': 27.46, 'weather_desc': 'overcast clouds', 'timestamp': Timestamp('2025-09-14 12:06:12.545725')} → 2 validation errors for EventModel
product_id
  value is not a valid integer (type=type_error.integer)
quantity
  value is not a valid integer (type=type_error.integer)
[2025-09-14T12:31:06.130+0000] {dags_utils.py:33} WARNING - ❌ Отброшена строка {'event_id': 9, 'user_id': '3709', 'session_id': '8e01614f-8230-41d4-8114-bb28002f3a6b', 'event_type': 'session_start', 'product_id': nan, 'order_id': None, 'quantity': nan, 'city': 'Coral Sea', 'country': None, 'lat': -10.5068305, 'lon': 165.757664, 'cost_usd': 629.98, 'cost_eur': 537.11, 'cost_rub': 52985.61, 'weather_temp': 27.57, 'weather_desc': 'overcast clouds', 'timestamp': Timestamp('2025-09-14 12:06:23.086625')} → 2 validation errors for EventModel
product_id
  value is not a valid integer (type=type_error.integer)
quantity
  value is not a valid integer (type=type_error.integer)
[2025-09-14T12:31:06.132+0000] {dags_utils.py:33} WARNING - ❌ Отброшена строка {'event_id': 11, 'user_id': '4882', 'session_id': 'bab782ea-1bcc-4652-a59a-1a71057c7c71', 'event_type': 'view_product', 'product_id': 118.0, 'order_id': None, 'quantity': nan, 'city': 'Labrador Sea', 'country': None, 'lat': 56.001732, 'lon': -50.404054, 'cost_usd': 886.71, 'cost_eur': 755.99, 'cost_rub': 74578.36, 'weather_temp': 6.95, 'weather_desc': 'overcast clouds', 'timestamp': Timestamp('2025-09-14 12:06:32.574933')} → 1 validation error for EventModel
quantity
  value is not a valid integer (type=type_error.integer)
[2025-09-14T12:31:06.135+0000] {dags_utils.py:33} WARNING - ❌ Отброшена строка {'event_id': 12, 'user_id': '4882', 'session_id': '9461d858-f7b1-4662-ac2a-77c239fecc3f', 'event_type': 'view_product', 'product_id': 13.0, 'order_id': None, 'quantity': nan, 'city': 'South Atlantic Ocean', 'country': None, 'lat': -39.0392975, 'lon': -18.534867, 'cost_usd': 24.1, 'cost_eur': 20.55, 'cost_rub': 2026.97, 'weather_temp': 8.79, 'weather_desc': 'light rain', 'timestamp': Timestamp('2025-09-14 12:06:34.930558')} → 1 validation error for EventModel
quantity
  value is not a valid integer (type=type_error.integer)
[2025-09-14T12:31:06.198+0000] {taskinstance.py:1824} ERROR - Task failed with exception
Traceback (most recent call last):
  File "/home/airflow/.local/lib/python3.7/site-packages/sqlalchemy/engine/base.py", line 1891, in _execute_context
    cursor, statement, parameters, context
  File "/home/airflow/.local/lib/python3.7/site-packages/sqlalchemy/dialects/postgresql/psycopg2.py", line 988, in do_executemany
    **kwargs
  File "/home/airflow/.local/lib/python3.7/site-packages/psycopg2/extras.py", line 1299, in execute_values
    cur.execute(b''.join(parts))
psycopg2.errors.UndefinedColumn: column "order_id" of relation "events" does not exist
LINE 1: ...d, event_type, timestamp, session_id, product_id, order_id, ...
                                                             ^


The above exception was the direct cause of the following exception:

Traceback (most recent call last):
  File "/home/airflow/.local/lib/python3.7/site-packages/airflow/operators/python.py", line 181, in execute
    return_value = self.execute_callable()
  File "/home/airflow/.local/lib/python3.7/site-packages/airflow/operators/python.py", line 198, in execute_callable
    return self.python_callable(*self.op_args, **self.op_kwargs)
  File "/opt/airflow/dags/raw_to_dds.py", line 104, in validate_and_load_events
    df.to_sql("events", engine, schema="dds", if_exists="append", index=False)
  File "/home/airflow/.local/lib/python3.7/site-packages/pandas/core/generic.py", line 2882, in to_sql
    method=method,
  File "/home/airflow/.local/lib/python3.7/site-packages/pandas/io/sql.py", line 728, in to_sql
    **engine_kwargs,
  File "/home/airflow/.local/lib/python3.7/site-packages/pandas/io/sql.py", line 1770, in to_sql
    **engine_kwargs,
  File "/home/airflow/.local/lib/python3.7/site-packages/pandas/io/sql.py", line 1350, in insert_records
    raise err
  File "/home/airflow/.local/lib/python3.7/site-packages/pandas/io/sql.py", line 1340, in insert_records
    table.insert(chunksize=chunksize, method=method)
  File "/home/airflow/.local/lib/python3.7/site-packages/pandas/io/sql.py", line 967, in insert
    exec_insert(conn, keys, chunk_iter)
  File "/home/airflow/.local/lib/python3.7/site-packages/pandas/io/sql.py", line 882, in _execute_insert
    conn.execute(self.table.insert(), data)
  File "/home/airflow/.local/lib/python3.7/site-packages/sqlalchemy/engine/base.py", line 1385, in execute
    return meth(self, multiparams, params, _EMPTY_EXECUTION_OPTS)
  File "/home/airflow/.local/lib/python3.7/site-packages/sqlalchemy/sql/elements.py", line 335, in _execute_on_connection
    self, multiparams, params, execution_options
  File "/home/airflow/.local/lib/python3.7/site-packages/sqlalchemy/engine/base.py", line 1587, in _execute_clauseelement
    cache_hit=cache_hit,
  File "/home/airflow/.local/lib/python3.7/site-packages/sqlalchemy/engine/base.py", line 1954, in _execute_context
    e, statement, parameters, cursor, context
  File "/home/airflow/.local/lib/python3.7/site-packages/sqlalchemy/engine/base.py", line 2135, in _handle_dbapi_exception
    sqlalchemy_exception, with_traceback=exc_info[2], from_=e
  File "/home/airflow/.local/lib/python3.7/site-packages/sqlalchemy/util/compat.py", line 211, in raise_
    raise exception
  File "/home/airflow/.local/lib/python3.7/site-packages/sqlalchemy/engine/base.py", line 1891, in _execute_context
    cursor, statement, parameters, context
  File "/home/airflow/.local/lib/python3.7/site-packages/sqlalchemy/dialects/postgresql/psycopg2.py", line 988, in do_executemany
    **kwargs
  File "/home/airflow/.local/lib/python3.7/site-packages/psycopg2/extras.py", line 1299, in execute_values
    cur.execute(b''.join(parts))
sqlalchemy.exc.ProgrammingError: (psycopg2.errors.UndefinedColumn) column "order_id" of relation "events" does not exist
LINE 1: ...d, event_type, timestamp, session_id, product_id, order_id, ...
                                                             ^

[SQL: INSERT INTO dds.events (user_id, event_type, timestamp, session_id, product_id, order_id, quantity, cost_usd, cost_eur, cost_rub, weather_temp, weather_desc, city, country, lat, lon) VALUES (%(user_id)s, %(event_type)s, %(timestamp)s, %(session_id)s, %(product_id)s, %(order_id)s, %(quantity)s, %(cost_usd)s, %(cost_eur)s, %(cost_rub)s, %(weather_temp)s, %(weather_desc)s, %(city)s, %(country)s, %(lat)s, %(lon)s)]
[parameters: ({'user_id': 1889, 'event_type': 'add_to_cart', 'timestamp': datetime.datetime(2025, 9, 13, 22, 14, 57, 139721), 'session_id': '0fecf236-8f2b-4aa9-9dca-0f7fc0f5ceeb', 'product_id': 295, 'order_id': '9339e4e7-a3f5-4985-858c-0d1774231dcf', 'quantity': 5, 'cost_usd': 789.1, 'cost_eur': 672.72, 'cost_rub': 66351.86, 'weather_temp': 23.86, 'weather_desc': 'clear sky', 'city': 'South Atlantic Ocean', 'country': None, 'lat': -8.167767, 'lon': -18.561612}, {'user_id': 4567, 'event_type': 'add_to_cart', 'timestamp': datetime.datetime(2025, 9, 14, 11, 58, 13, 76818), 'session_id': 'bb2ab4ee-9f8a-4045-a2d3-097e12816d56', 'product_id': 213, 'order_id': 'd7daedc9-d832-4239-ae03-cd35da950540', 'quantity': 5, 'cost_usd': 917.93, 'cost_eur': 782.61, 'cost_rub': 77204.17, 'weather_temp': 28.74, 'weather_desc': 'clear sky', 'city': 'Krasnovodsk', 'country': 'Turkmenistan', 'lat': 38.768445, 'lon': 55.124208}, {'user_id': 1280, 'event_type': 'add_to_cart', 'timestamp': datetime.datetime(2025, 9, 14, 12, 6, 14, 250716), 'session_id': 'd1413ed7-92e8-4a5a-8a09-54a56b6354e5', 'product_id': 251, 'order_id': 'f5094267-ed51-4ad6-aff4-73a7570dbd28', 'quantity': 1, 'cost_usd': 123.96, 'cost_eur': 105.69, 'cost_rub': 10425.88, 'weather_temp': 24.71, 'weather_desc': 'broken clouds', 'city': 'Arabian Sea', 'country': None, 'lat': 15.3872825, 'lon': 53.654083}, {'user_id': 3709, 'event_type': 'add_to_cart', 'timestamp': datetime.datetime(2025, 9, 14, 12, 6, 24, 703438), 'session_id': '1c24cb32-aeba-4a62-8537-383e2aa223c3', 'product_id': 289, 'order_id': '0a69300c-4ca6-4297-adbf-6ca369277b66', 'quantity': 2, 'cost_usd': 781.01, 'cost_eur': 665.87, 'cost_rub': 65688.27, 'weather_temp': 21.95, 'weather_desc': 'scattered clouds', 'city': 'Koziatynskyi', 'country': 'Ukraine', 'lat': 49.7615785, 'lon': 28.428632})]
(Background on this error at: https://sqlalche.me/e/14/f405)
[2025-09-14T12:31:06.285+0000] {taskinstance.py:1350} INFO - Marking task as UP_FOR_RETRY. dag_id=raw_to_dds_enhanced, task_id=load_events, execution_date=20250914T120917, start_date=20250914T123105, end_date=20250914T123106
[2025-09-14T12:31:06.360+0000] {standard_task_runner.py:109} ERROR - Failed to execute job 95 for task load_events ((psycopg2.errors.UndefinedColumn) column "order_id" of relation "events" does not exist
LINE 1: ...d, event_type, timestamp, session_id, product_id, order_id, ...
                                                             ^

[SQL: INSERT INTO dds.events (user_id, event_type, timestamp, session_id, product_id, order_id, quantity, cost_usd, cost_eur, cost_rub, weather_temp, weather_desc, city, country, lat, lon) VALUES (%(user_id)s, %(event_type)s, %(timestamp)s, %(session_id)s, %(product_id)s, %(order_id)s, %(quantity)s, %(cost_usd)s, %(cost_eur)s, %(cost_rub)s, %(weather_temp)s, %(weather_desc)s, %(city)s, %(country)s, %(lat)s, %(lon)s)]
[parameters: ({'user_id': 1889, 'event_type': 'add_to_cart', 'timestamp': datetime.datetime(2025, 9, 13, 22, 14, 57, 139721), 'session_id': '0fecf236-8f2b-4aa9-9dca-0f7fc0f5ceeb', 'product_id': 295, 'order_id': '9339e4e7-a3f5-4985-858c-0d1774231dcf', 'quantity': 5, 'cost_usd': 789.1, 'cost_eur': 672.72, 'cost_rub': 66351.86, 'weather_temp': 23.86, 'weather_desc': 'clear sky', 'city': 'South Atlantic Ocean', 'country': None, 'lat': -8.167767, 'lon': -18.561612}, {'user_id': 4567, 'event_type': 'add_to_cart', 'timestamp': datetime.datetime(2025, 9, 14, 11, 58, 13, 76818), 'session_id': 'bb2ab4ee-9f8a-4045-a2d3-097e12816d56', 'product_id': 213, 'order_id': 'd7daedc9-d832-4239-ae03-cd35da950540', 'quantity': 5, 'cost_usd': 917.93, 'cost_eur': 782.61, 'cost_rub': 77204.17, 'weather_temp': 28.74, 'weather_desc': 'clear sky', 'city': 'Krasnovodsk', 'country': 'Turkmenistan', 'lat': 38.768445, 'lon': 55.124208}, {'user_id': 1280, 'event_type': 'add_to_cart', 'timestamp': datetime.datetime(2025, 9, 14, 12, 6, 14, 250716), 'session_id': 'd1413ed7-92e8-4a5a-8a09-54a56b6354e5', 'product_id': 251, 'order_id': 'f5094267-ed51-4ad6-aff4-73a7570dbd28', 'quantity': 1, 'cost_usd': 123.96, 'cost_eur': 105.69, 'cost_rub': 10425.88, 'weather_temp': 24.71, 'weather_desc': 'broken clouds', 'city': 'Arabian Sea', 'country': None, 'lat': 15.3872825, 'lon': 53.654083}, {'user_id': 3709, 'event_type': 'add_to_cart', 'timestamp': datetime.datetime(2025, 9, 14, 12, 6, 24, 703438), 'session_id': '1c24cb32-aeba-4a62-8537-383e2aa223c3', 'product_id': 289, 'order_id': '0a69300c-4ca6-4297-adbf-6ca369277b66', 'quantity': 2, 'cost_usd': 781.01, 'cost_eur': 665.87, 'cost_rub': 65688.27, 'weather_temp': 21.95, 'weather_desc': 'scattered clouds', 'city': 'Koziatynskyi', 'country': 'Ukraine', 'lat': 49.7615785, 'lon': 28.428632})]
(Background on this error at: https://sqlalche.me/e/14/f405); 4704)
[2025-09-14T12:31:06.418+0000] {local_task_job_runner.py:225} INFO - Task exited with return code 1
[2025-09-14T12:31:06.503+0000] {taskinstance.py:2653} INFO - 0 downstream tasks scheduled from follow-on schedule check
