[2025-09-14T17:20:04.928+0000] {logging_mixin.py:150} WARNING - /home/***/.local/lib/python3.7/site-packages/***/utils/sqlalchemy.py:124 DeprecationWarning: The sql_alchemy_conn option in [core] has been moved to the sql_alchemy_conn option in [database] - the old setting has been used, but please update your config.
[2025-09-14T17:20:04.974+0000] {taskinstance.py:1103} INFO - Dependencies all met for dep_context=non-requeueable deps ti=<TaskInstance: raw_to_dds_enhanced.load_products scheduled__2025-09-14T16:19:44.775757+00:00 [queued]>
[2025-09-14T17:20:05.012+0000] {taskinstance.py:1103} INFO - Dependencies all met for dep_context=requeueable deps ti=<TaskInstance: raw_to_dds_enhanced.load_products scheduled__2025-09-14T16:19:44.775757+00:00 [queued]>
[2025-09-14T17:20:05.019+0000] {taskinstance.py:1308} INFO - Starting attempt 1 of 3
[2025-09-14T17:20:05.115+0000] {taskinstance.py:1327} INFO - Executing <Task(PythonOperator): load_products> on 2025-09-14 16:19:44.775757+00:00
[2025-09-14T17:20:05.155+0000] {standard_task_runner.py:57} INFO - Started process 264 to run task
[2025-09-14T17:20:05.167+0000] {standard_task_runner.py:84} INFO - Running: ['***', 'tasks', 'run', 'raw_to_dds_enhanced', 'load_products', 'scheduled__2025-09-14T16:19:44.775757+00:00', '--job-id', '171', '--raw', '--subdir', 'DAGS_FOLDER/raw_to_dds.py', '--cfg-path', '/tmp/tmpxne1skw3']
[2025-09-14T17:20:05.173+0000] {standard_task_runner.py:85} INFO - Job 171: Subtask load_products
[2025-09-14T17:20:05.255+0000] {logging_mixin.py:150} WARNING - /home/***/.local/lib/python3.7/site-packages/***/settings.py:195 DeprecationWarning: The sql_alchemy_conn option in [core] has been moved to the sql_alchemy_conn option in [database] - the old setting has been used, but please update your config.
[2025-09-14T17:20:05.733+0000] {task_command.py:410} INFO - Running <TaskInstance: raw_to_dds_enhanced.load_products scheduled__2025-09-14T16:19:44.775757+00:00 [running]> on host 3deaa5b4a23c
[2025-09-14T17:20:05.825+0000] {logging_mixin.py:150} WARNING - /home/***/.local/lib/python3.7/site-packages/***/utils/sqlalchemy.py:124 DeprecationWarning: The sql_alchemy_conn option in [core] has been moved to the sql_alchemy_conn option in [database] - the old setting has been used, but please update your config.
[2025-09-14T17:20:06.183+0000] {taskinstance.py:1547} INFO - Exporting env vars: AIRFLOW_CTX_DAG_OWNER='***' AIRFLOW_CTX_DAG_ID='raw_to_dds_enhanced' AIRFLOW_CTX_TASK_ID='load_products' AIRFLOW_CTX_EXECUTION_DATE='2025-09-14T16:19:44.775757+00:00' AIRFLOW_CTX_TRY_NUMBER='1' AIRFLOW_CTX_DAG_RUN_ID='scheduled__2025-09-14T16:19:44.775757+00:00'
[2025-09-14T17:20:06.228+0000] {taskinstance.py:1824} ERROR - Task failed with exception
Traceback (most recent call last):
  File "/home/airflow/.local/lib/python3.7/site-packages/sqlalchemy/engine/base.py", line 1911, in _execute_context
    cursor, statement, parameters, context
  File "/home/airflow/.local/lib/python3.7/site-packages/sqlalchemy/engine/default.py", line 736, in do_execute
    cursor.execute(statement, parameters)
psycopg2.errors.UndefinedColumn: column "product_category" does not exist
LINE 3:         SELECT DISTINCT product_category  -- ИСПОЛЬЗОВАТЬ pr...
                                ^


The above exception was the direct cause of the following exception:

Traceback (most recent call last):
  File "/home/airflow/.local/lib/python3.7/site-packages/airflow/operators/python.py", line 181, in execute
    return_value = self.execute_callable()
  File "/home/airflow/.local/lib/python3.7/site-packages/airflow/operators/python.py", line 198, in execute_callable
    return self.python_callable(*self.op_args, **self.op_kwargs)
  File "/opt/airflow/dags/raw_to_dds.py", line 164, in load_products_and_categories
    conn.execute(query_cat)
  File "/home/airflow/.local/lib/python3.7/site-packages/sqlalchemy/engine/base.py", line 1375, in execute
    future=False,
  File "/home/airflow/.local/lib/python3.7/site-packages/sqlalchemy/engine/base.py", line 1681, in _exec_driver_sql
    distilled_parameters,
  File "/home/airflow/.local/lib/python3.7/site-packages/sqlalchemy/engine/base.py", line 1954, in _execute_context
    e, statement, parameters, cursor, context
  File "/home/airflow/.local/lib/python3.7/site-packages/sqlalchemy/engine/base.py", line 2135, in _handle_dbapi_exception
    sqlalchemy_exception, with_traceback=exc_info[2], from_=e
  File "/home/airflow/.local/lib/python3.7/site-packages/sqlalchemy/util/compat.py", line 211, in raise_
    raise exception
  File "/home/airflow/.local/lib/python3.7/site-packages/sqlalchemy/engine/base.py", line 1911, in _execute_context
    cursor, statement, parameters, context
  File "/home/airflow/.local/lib/python3.7/site-packages/sqlalchemy/engine/default.py", line 736, in do_execute
    cursor.execute(statement, parameters)
sqlalchemy.exc.ProgrammingError: (psycopg2.errors.UndefinedColumn) column "product_category" does not exist
LINE 3:         SELECT DISTINCT product_category  -- ИСПОЛЬЗОВАТЬ pr...
                                ^

[SQL: 
        INSERT INTO dds.categories (category_name)
        SELECT DISTINCT product_category  -- ИСПОЛЬЗОВАТЬ product_category
        FROM raw.events
        WHERE product_category IS NOT NULL
        ON CONFLICT (category_name) DO NOTHING;
        ]
(Background on this error at: https://sqlalche.me/e/14/f405)
[2025-09-14T17:20:06.279+0000] {taskinstance.py:1350} INFO - Marking task as UP_FOR_RETRY. dag_id=raw_to_dds_enhanced, task_id=load_products, execution_date=20250914T161944, start_date=20250914T172004, end_date=20250914T172006
[2025-09-14T17:20:06.329+0000] {standard_task_runner.py:109} ERROR - Failed to execute job 171 for task load_products ((psycopg2.errors.UndefinedColumn) column "product_category" does not exist
LINE 3:         SELECT DISTINCT product_category  -- ИСПОЛЬЗОВАТЬ pr...
                                ^

[SQL: 
        INSERT INTO dds.categories (category_name)
        SELECT DISTINCT product_category  -- ИСПОЛЬЗОВАТЬ product_category
        FROM raw.events
        WHERE product_category IS NOT NULL
        ON CONFLICT (category_name) DO NOTHING;
        ]
(Background on this error at: https://sqlalche.me/e/14/f405); 264)
[2025-09-14T17:20:06.365+0000] {local_task_job_runner.py:225} INFO - Task exited with return code 1
[2025-09-14T17:20:06.500+0000] {taskinstance.py:2653} INFO - 0 downstream tasks scheduled from follow-on schedule check
