[2025-09-17T11:01:46.741+0000] {taskinstance.py:1103} INFO - Dependencies all met for dep_context=non-requeueable deps ti=<TaskInstance: raw_to_dds_enhanced.load_products manual__2025-09-17T11:00:27.284733+00:00 [queued]>
[2025-09-17T11:01:46.761+0000] {taskinstance.py:1103} INFO - Dependencies all met for dep_context=requeueable deps ti=<TaskInstance: raw_to_dds_enhanced.load_products manual__2025-09-17T11:00:27.284733+00:00 [queued]>
[2025-09-17T11:01:46.762+0000] {taskinstance.py:1308} INFO - Starting attempt 2 of 4
[2025-09-17T11:01:46.801+0000] {taskinstance.py:1327} INFO - Executing <Task(PythonOperator): load_products> on 2025-09-17 11:00:27.284733+00:00
[2025-09-17T11:01:46.814+0000] {standard_task_runner.py:57} INFO - Started process 1545 to run task
[2025-09-17T11:01:46.820+0000] {standard_task_runner.py:84} INFO - Running: ['***', 'tasks', 'run', 'raw_to_dds_enhanced', 'load_products', 'manual__2025-09-17T11:00:27.284733+00:00', '--job-id', '1027', '--raw', '--subdir', 'DAGS_FOLDER/raw_to_dds.py', '--cfg-path', '/tmp/tmpuwp3fhj2']
[2025-09-17T11:01:46.824+0000] {standard_task_runner.py:85} INFO - Job 1027: Subtask load_products
[2025-09-17T11:01:46.876+0000] {logging_mixin.py:150} WARNING - /home/***/.local/lib/python3.7/site-packages/***/settings.py:195 DeprecationWarning: The sql_alchemy_conn option in [core] has been moved to the sql_alchemy_conn option in [database] - the old setting has been used, but please update your config.
[2025-09-17T11:01:47.026+0000] {task_command.py:410} INFO - Running <TaskInstance: raw_to_dds_enhanced.load_products manual__2025-09-17T11:00:27.284733+00:00 [running]> on host 807cd7795f82
[2025-09-17T11:01:47.308+0000] {taskinstance.py:1547} INFO - Exporting env vars: AIRFLOW_CTX_DAG_OWNER='***' AIRFLOW_CTX_DAG_ID='raw_to_dds_enhanced' AIRFLOW_CTX_TASK_ID='load_products' AIRFLOW_CTX_EXECUTION_DATE='2025-09-17T11:00:27.284733+00:00' AIRFLOW_CTX_TRY_NUMBER='2' AIRFLOW_CTX_DAG_RUN_ID='manual__2025-09-17T11:00:27.284733+00:00'
[2025-09-17T11:01:47.347+0000] {taskinstance.py:1824} ERROR - Task failed with exception
Traceback (most recent call last):
  File "/home/airflow/.local/lib/python3.7/site-packages/sqlalchemy/engine/base.py", line 1911, in _execute_context
    cursor, statement, parameters, context
  File "/home/airflow/.local/lib/python3.7/site-packages/sqlalchemy/engine/default.py", line 736, in do_execute
    cursor.execute(statement, parameters)
psycopg2.errors.CardinalityViolation: ON CONFLICT DO UPDATE command cannot affect row a second time
HINT:  Ensure that no rows proposed for insertion within the same command have duplicate constrained values.


The above exception was the direct cause of the following exception:

Traceback (most recent call last):
  File "/home/airflow/.local/lib/python3.7/site-packages/airflow/operators/python.py", line 181, in execute
    return_value = self.execute_callable()
  File "/home/airflow/.local/lib/python3.7/site-packages/airflow/operators/python.py", line 198, in execute_callable
    return self.python_callable(*self.op_args, **self.op_kwargs)
  File "/opt/airflow/dags/raw_to_dds.py", line 344, in load_products_and_categories
    conn.execute(query_prod)
  File "/home/airflow/.local/lib/python3.7/site-packages/sqlalchemy/engine/base.py", line 1375, in execute
    future=False,
  File "/home/airflow/.local/lib/python3.7/site-packages/sqlalchemy/engine/base.py", line 1681, in _exec_driver_sql
    distilled_parameters,
  File "/home/airflow/.local/lib/python3.7/site-packages/sqlalchemy/engine/base.py", line 1954, in _execute_context
    e, statement, parameters, cursor, context
  File "/home/airflow/.local/lib/python3.7/site-packages/sqlalchemy/engine/base.py", line 2135, in _handle_dbapi_exception
    sqlalchemy_exception, with_traceback=exc_info[2], from_=e
  File "/home/airflow/.local/lib/python3.7/site-packages/sqlalchemy/util/compat.py", line 211, in raise_
    raise exception
  File "/home/airflow/.local/lib/python3.7/site-packages/sqlalchemy/engine/base.py", line 1911, in _execute_context
    cursor, statement, parameters, context
  File "/home/airflow/.local/lib/python3.7/site-packages/sqlalchemy/engine/default.py", line 736, in do_execute
    cursor.execute(statement, parameters)
sqlalchemy.exc.ProgrammingError: (psycopg2.errors.CardinalityViolation) ON CONFLICT DO UPDATE command cannot affect row a second time
HINT:  Ensure that no rows proposed for insertion within the same command have duplicate constrained values.

[SQL: 
        INSERT INTO dds.products (product_id, product_name, category_id)
        SELECT DISTINCT e.product_id,
               e.product_name,
               c.category_id
        FROM raw.events e
        LEFT JOIN dds.categories c ON e.product_category = c.category_name
        WHERE e.product_id IS NOT NULL
        ON CONFLICT (product_id) DO UPDATE
        SET product_name = EXCLUDED.product_name,
            category_id = EXCLUDED.category_id;
        ]
(Background on this error at: https://sqlalche.me/e/14/f405)
[2025-09-17T11:01:47.379+0000] {taskinstance.py:1350} INFO - Marking task as UP_FOR_RETRY. dag_id=raw_to_dds_enhanced, task_id=load_products, execution_date=20250917T110027, start_date=20250917T110146, end_date=20250917T110147
[2025-09-17T11:01:47.408+0000] {standard_task_runner.py:109} ERROR - Failed to execute job 1027 for task load_products ((psycopg2.errors.CardinalityViolation) ON CONFLICT DO UPDATE command cannot affect row a second time
HINT:  Ensure that no rows proposed for insertion within the same command have duplicate constrained values.

[SQL: 
        INSERT INTO dds.products (product_id, product_name, category_id)
        SELECT DISTINCT e.product_id,
               e.product_name,
               c.category_id
        FROM raw.events e
        LEFT JOIN dds.categories c ON e.product_category = c.category_name
        WHERE e.product_id IS NOT NULL
        ON CONFLICT (product_id) DO UPDATE
        SET product_name = EXCLUDED.product_name,
            category_id = EXCLUDED.category_id;
        ]
(Background on this error at: https://sqlalche.me/e/14/f405); 1545)
[2025-09-17T11:01:47.435+0000] {local_task_job_runner.py:225} INFO - Task exited with return code 1
[2025-09-17T11:01:47.523+0000] {taskinstance.py:2653} INFO - 0 downstream tasks scheduled from follow-on schedule check
