[2025-09-14T12:54:25.750+0000] {taskinstance.py:1103} INFO - Dependencies all met for dep_context=non-requeueable deps ti=<TaskInstance: raw_to_dds_enhanced.load_orders manual__2025-09-14T12:09:17.333529+00:00 [queued]>
[2025-09-14T12:54:25.912+0000] {taskinstance.py:1103} INFO - Dependencies all met for dep_context=requeueable deps ti=<TaskInstance: raw_to_dds_enhanced.load_orders manual__2025-09-14T12:09:17.333529+00:00 [queued]>
[2025-09-14T12:54:25.915+0000] {taskinstance.py:1308} INFO - Starting attempt 3 of 3
[2025-09-14T12:54:26.078+0000] {taskinstance.py:1327} INFO - Executing <Task(PythonOperator): load_orders> on 2025-09-14 12:09:17.333529+00:00
[2025-09-14T12:54:26.221+0000] {standard_task_runner.py:57} INFO - Started process 6666 to run task
[2025-09-14T12:54:26.438+0000] {standard_task_runner.py:84} INFO - Running: ['***', 'tasks', 'run', 'raw_to_dds_enhanced', 'load_orders', 'manual__2025-09-14T12:09:17.333529+00:00', '--job-id', '130', '--raw', '--subdir', 'DAGS_FOLDER/raw_to_dds.py', '--cfg-path', '/tmp/tmp_r37ovo8']
[2025-09-14T12:54:26.557+0000] {standard_task_runner.py:85} INFO - Job 130: Subtask load_orders
[2025-09-14T12:54:26.812+0000] {logging_mixin.py:150} WARNING - /home/***/.local/lib/python3.7/site-packages/***/settings.py:195 DeprecationWarning: The sql_alchemy_conn option in [core] has been moved to the sql_alchemy_conn option in [database] - the old setting has been used, but please update your config.
[2025-09-14T12:54:26.995+0000] {task_command.py:410} INFO - Running <TaskInstance: raw_to_dds_enhanced.load_orders manual__2025-09-14T12:09:17.333529+00:00 [running]> on host 3deaa5b4a23c
[2025-09-14T12:54:27.558+0000] {taskinstance.py:1547} INFO - Exporting env vars: AIRFLOW_CTX_DAG_OWNER='***' AIRFLOW_CTX_DAG_ID='raw_to_dds_enhanced' AIRFLOW_CTX_TASK_ID='load_orders' AIRFLOW_CTX_EXECUTION_DATE='2025-09-14T12:09:17.333529+00:00' AIRFLOW_CTX_TRY_NUMBER='3' AIRFLOW_CTX_DAG_RUN_ID='manual__2025-09-14T12:09:17.333529+00:00'
[2025-09-14T12:54:28.704+0000] {taskinstance.py:1824} ERROR - Task failed with exception
Traceback (most recent call last):
  File "/home/airflow/.local/lib/python3.7/site-packages/sqlalchemy/engine/base.py", line 1891, in _execute_context
    cursor, statement, parameters, context
  File "/home/airflow/.local/lib/python3.7/site-packages/sqlalchemy/dialects/postgresql/psycopg2.py", line 988, in do_executemany
    **kwargs
  File "/home/airflow/.local/lib/python3.7/site-packages/psycopg2/extras.py", line 1299, in execute_values
    cur.execute(b''.join(parts))
psycopg2.errors.UniqueViolation: duplicate key value violates unique constraint "orders_pkey"
DETAIL:  Key (order_id)=(0a69300c-4ca6-4297-adbf-6ca369277b66) already exists.


The above exception was the direct cause of the following exception:

Traceback (most recent call last):
  File "/home/airflow/.local/lib/python3.7/site-packages/airflow/operators/python.py", line 181, in execute
    return_value = self.execute_callable()
  File "/home/airflow/.local/lib/python3.7/site-packages/airflow/operators/python.py", line 198, in execute_callable
    return self.python_callable(*self.op_args, **self.op_kwargs)
  File "/opt/airflow/dags/raw_to_dds.py", line 127, in load_orders_from_events
    orders.to_sql("orders", engine, schema="dds", if_exists="append", index=False)
  File "/home/airflow/.local/lib/python3.7/site-packages/pandas/core/generic.py", line 2882, in to_sql
    method=method,
  File "/home/airflow/.local/lib/python3.7/site-packages/pandas/io/sql.py", line 728, in to_sql
    **engine_kwargs,
  File "/home/airflow/.local/lib/python3.7/site-packages/pandas/io/sql.py", line 1770, in to_sql
    **engine_kwargs,
  File "/home/airflow/.local/lib/python3.7/site-packages/pandas/io/sql.py", line 1350, in insert_records
    raise err
  File "/home/airflow/.local/lib/python3.7/site-packages/pandas/io/sql.py", line 1340, in insert_records
    table.insert(chunksize=chunksize, method=method)
  File "/home/airflow/.local/lib/python3.7/site-packages/pandas/io/sql.py", line 967, in insert
    exec_insert(conn, keys, chunk_iter)
  File "/home/airflow/.local/lib/python3.7/site-packages/pandas/io/sql.py", line 882, in _execute_insert
    conn.execute(self.table.insert(), data)
  File "/home/airflow/.local/lib/python3.7/site-packages/sqlalchemy/engine/base.py", line 1385, in execute
    return meth(self, multiparams, params, _EMPTY_EXECUTION_OPTS)
  File "/home/airflow/.local/lib/python3.7/site-packages/sqlalchemy/sql/elements.py", line 335, in _execute_on_connection
    self, multiparams, params, execution_options
  File "/home/airflow/.local/lib/python3.7/site-packages/sqlalchemy/engine/base.py", line 1587, in _execute_clauseelement
    cache_hit=cache_hit,
  File "/home/airflow/.local/lib/python3.7/site-packages/sqlalchemy/engine/base.py", line 1954, in _execute_context
    e, statement, parameters, cursor, context
  File "/home/airflow/.local/lib/python3.7/site-packages/sqlalchemy/engine/base.py", line 2135, in _handle_dbapi_exception
    sqlalchemy_exception, with_traceback=exc_info[2], from_=e
  File "/home/airflow/.local/lib/python3.7/site-packages/sqlalchemy/util/compat.py", line 211, in raise_
    raise exception
  File "/home/airflow/.local/lib/python3.7/site-packages/sqlalchemy/engine/base.py", line 1891, in _execute_context
    cursor, statement, parameters, context
  File "/home/airflow/.local/lib/python3.7/site-packages/sqlalchemy/dialects/postgresql/psycopg2.py", line 988, in do_executemany
    **kwargs
  File "/home/airflow/.local/lib/python3.7/site-packages/psycopg2/extras.py", line 1299, in execute_values
    cur.execute(b''.join(parts))
sqlalchemy.exc.IntegrityError: (psycopg2.errors.UniqueViolation) duplicate key value violates unique constraint "orders_pkey"
DETAIL:  Key (order_id)=(0a69300c-4ca6-4297-adbf-6ca369277b66) already exists.

[SQL: INSERT INTO dds.orders (order_id, user_id, order_ts, total_usd) VALUES (%(order_id)s, %(user_id)s, %(order_ts)s, %(total_usd)s)]
[parameters: ({'order_id': '0a69300c-4ca6-4297-adbf-6ca369277b66', 'user_id': 3709, 'order_ts': datetime.datetime(2025, 9, 14, 12, 6, 24, 703438), 'total_usd': 781.01}, {'order_id': '4b23bd5e-d6c0-4aad-8d14-2d7f94c9155b', 'user_id': 3893, 'order_ts': datetime.datetime(2025, 9, 14, 12, 7, 32, 791311), 'total_usd': 598.22}, {'order_id': '5d0ecae8-faa3-4ce9-8aae-69e630925ffb', 'user_id': 3850, 'order_ts': datetime.datetime(2025, 9, 14, 12, 9, 35, 30629), 'total_usd': 220.26}, {'order_id': '6a082960-d1ec-4a4f-8bb6-3a96929152fc', 'user_id': 2178, 'order_ts': datetime.datetime(2025, 9, 14, 12, 8, 42, 943509), 'total_usd': 765.34}, {'order_id': '6dd6975d-df57-44c8-9f2d-5f506f1768f7', 'user_id': 3893, 'order_ts': datetime.datetime(2025, 9, 14, 12, 7, 34, 483275), 'total_usd': 6.15}, {'order_id': '86ae8148-f99b-4c1b-936e-1def26433419', 'user_id': 2208, 'order_ts': datetime.datetime(2025, 9, 14, 12, 36, 14, 234956), 'total_usd': 528.51}, {'order_id': '9339e4e7-a3f5-4985-858c-0d1774231dcf', 'user_id': 1889, 'order_ts': datetime.datetime(2025, 9, 13, 22, 14, 57, 139721), 'total_usd': 789.1}, {'order_id': 'd7daedc9-d832-4239-ae03-cd35da950540', 'user_id': 4567, 'order_ts': datetime.datetime(2025, 9, 14, 11, 58, 13, 76818), 'total_usd': 917.93}, {'order_id': 'f5094267-ed51-4ad6-aff4-73a7570dbd28', 'user_id': 1280, 'order_ts': datetime.datetime(2025, 9, 14, 12, 6, 14, 250716), 'total_usd': 123.96})]
(Background on this error at: https://sqlalche.me/e/14/gkpj)
[2025-09-14T12:54:29.017+0000] {taskinstance.py:1350} INFO - Marking task as FAILED. dag_id=raw_to_dds_enhanced, task_id=load_orders, execution_date=20250914T120917, start_date=20250914T125425, end_date=20250914T125429
[2025-09-14T12:54:29.021+0000] {logging_mixin.py:150} WARNING - /home/***/.local/lib/python3.7/site-packages/***/utils/context.py:205 AirflowContextDeprecationWarning: Accessing 'execution_date' from the template is deprecated and will be removed in a future version. Please use 'data_interval_start' or 'logical_date' instead.
[2025-09-14T12:54:30.080+0000] {standard_task_runner.py:109} ERROR - Failed to execute job 130 for task load_orders ((psycopg2.errors.UniqueViolation) duplicate key value violates unique constraint "orders_pkey"
DETAIL:  Key (order_id)=(0a69300c-4ca6-4297-adbf-6ca369277b66) already exists.

[SQL: INSERT INTO dds.orders (order_id, user_id, order_ts, total_usd) VALUES (%(order_id)s, %(user_id)s, %(order_ts)s, %(total_usd)s)]
[parameters: ({'order_id': '0a69300c-4ca6-4297-adbf-6ca369277b66', 'user_id': 3709, 'order_ts': datetime.datetime(2025, 9, 14, 12, 6, 24, 703438), 'total_usd': 781.01}, {'order_id': '4b23bd5e-d6c0-4aad-8d14-2d7f94c9155b', 'user_id': 3893, 'order_ts': datetime.datetime(2025, 9, 14, 12, 7, 32, 791311), 'total_usd': 598.22}, {'order_id': '5d0ecae8-faa3-4ce9-8aae-69e630925ffb', 'user_id': 3850, 'order_ts': datetime.datetime(2025, 9, 14, 12, 9, 35, 30629), 'total_usd': 220.26}, {'order_id': '6a082960-d1ec-4a4f-8bb6-3a96929152fc', 'user_id': 2178, 'order_ts': datetime.datetime(2025, 9, 14, 12, 8, 42, 943509), 'total_usd': 765.34}, {'order_id': '6dd6975d-df57-44c8-9f2d-5f506f1768f7', 'user_id': 3893, 'order_ts': datetime.datetime(2025, 9, 14, 12, 7, 34, 483275), 'total_usd': 6.15}, {'order_id': '86ae8148-f99b-4c1b-936e-1def26433419', 'user_id': 2208, 'order_ts': datetime.datetime(2025, 9, 14, 12, 36, 14, 234956), 'total_usd': 528.51}, {'order_id': '9339e4e7-a3f5-4985-858c-0d1774231dcf', 'user_id': 1889, 'order_ts': datetime.datetime(2025, 9, 13, 22, 14, 57, 139721), 'total_usd': 789.1}, {'order_id': 'd7daedc9-d832-4239-ae03-cd35da950540', 'user_id': 4567, 'order_ts': datetime.datetime(2025, 9, 14, 11, 58, 13, 76818), 'total_usd': 917.93}, {'order_id': 'f5094267-ed51-4ad6-aff4-73a7570dbd28', 'user_id': 1280, 'order_ts': datetime.datetime(2025, 9, 14, 12, 6, 14, 250716), 'total_usd': 123.96})]
(Background on this error at: https://sqlalche.me/e/14/gkpj); 6666)
[2025-09-14T12:54:30.149+0000] {local_task_job_runner.py:225} INFO - Task exited with return code 1
[2025-09-14T12:54:30.249+0000] {taskinstance.py:2653} INFO - 0 downstream tasks scheduled from follow-on schedule check
